<?xml version="1.0" encoding="UTF-8"?>
<testng-results ignored="0" total="1" passed="1" failed="0" skipped="0">
  <reporter-output>
  </reporter-output>
  <suite started-at="2024-01-11T12:46:48 EST" name="Default suite" finished-at="2024-01-11T12:47:00 EST" duration-ms="12086">
    <groups>
    </groups>
    <test started-at="2024-01-11T12:46:48 EST" name="Default test" finished-at="2024-01-11T12:47:00 EST" duration-ms="12086">
      <class name="com.Bootcamp_Checkout_Part1_Medium.ShoppingcartTest01">
        <test-method is-config="true" signature="setUp()[pri:0, instance:com.Bootcamp_Checkout_Part1_Medium.ShoppingcartTest01@145f66e3]" started-at="2024-01-11T12:46:48 EST" name="setUp" finished-at="2024-01-11T12:46:54 EST" duration-ms="6776" status="PASS">
          <reporter-output>
          </reporter-output>
        </test-method> <!-- setUp -->
        <test-method signature="testAddProductToCartAndVerify()[pri:0, instance:com.Bootcamp_Checkout_Part1_Medium.ShoppingcartTest01@145f66e3]" started-at="2024-01-11T12:46:54 EST" name="testAddProductToCartAndVerify" finished-at="2024-01-11T12:46:59 EST" duration-ms="4912" status="PASS">
          <reporter-output>
          </reporter-output>
        </test-method> <!-- testAddProductToCartAndVerify -->
        <test-method is-config="true" signature="tearDown()[pri:0, instance:com.Bootcamp_Checkout_Part1_Medium.ShoppingcartTest01@145f66e3]" started-at="2024-01-11T12:46:59 EST" name="tearDown" finished-at="2024-01-11T12:47:00 EST" duration-ms="329" status="PASS">
          <reporter-output>
          </reporter-output>
        </test-method> <!-- tearDown -->
      </class> <!-- com.Bootcamp_Checkout_Part1_Medium.ShoppingcartTest01 -->
    </test> <!-- Default test -->
  </suite> <!-- Default suite -->
</testng-results>
